-----------------------------------------------------------------------
executing testsuite Expressions with 9 tests
-----------------------------------------------------------------------
* OK   : test 1 (simple int literal)
* OK   : test 2 (simple addition)
* OK   : test 3 (addition is left associative)
* OK   : test 4 (1 + 2 + 3)
* OK   : test 5 (multiplication has higher priority than addition)
* OK   : test 6 (x)
sglr: error in g_0.tmp, line 1, col 2: character `1' (\x31) unexpected
* ERROR: test 7 (x1)
  - parsing failed
  - expected:  Var("x1")
sglr: error in h_0.tmp, line 1, col 2: character `1' (\x31) unexpected
* OK   : test 8 (x1)
* ERROR: test 9 (1 * 2 * 3)
  - succeeded: Mul(Mul(Int("1"),Int("2")),Int("3"))
  - expected:  Mul(Int("1"),Mul(Int("2"),Int("3")))
-----------------------------------------------------------------------
results testsuite Expressions
successes : 7
failures  : 2
-----------------------------------------------------------------------

